Arguments: 
  /Users/learn/.nvm/versions/node/v8.4.0/bin/node /usr/local/Cellar/yarn/0.27.5_1/libexec/bin/yarn.js start

PATH: 
  /Users/learn/.nvm/versions/node/v8.4.0/bin:/Users/learn/.rvm/gems/ruby-2.3.1/bin:/Users/learn/.rvm/gems/ruby-2.3.1@global/bin:/Users/learn/.rvm/rubies/ruby-2.3.1/bin:/usr/local/bin:/usr/bin:/bin:/usr/sbin:/sbin:/Users/learn/.rvm/bin:/Users/learn/.rvm/bin

Yarn version: 
  0.27.5

Node version: 
  8.4.0

Platform: 
  darwin x64

npm manifest: 
  

yarn manifest: 
  No manifest

Lockfile: 
  # THIS IS AN AUTOGENERATED FILE. DO NOT EDIT THIS FILE DIRECTLY.
  # yarn lockfile v1

Trace: 
  SyntaxError: /Users/learn/Desktop/product-reviews-example-app/review-free-for-all-front-end/package.json: Unexpected end of JSON input
      at JSON.parse (<anonymous>)
      at /usr/local/Cellar/yarn/0.27.5_1/libexec/lib/yarn-cli.js:747:57
      at Generator.next (<anonymous>)
      at step (/usr/local/Cellar/yarn/0.27.5_1/libexec/lib/yarn-cli.js:91:30)
      at /usr/local/Cellar/yarn/0.27.5_1/libexec/lib/yarn-cli.js:102:13
      at <anonymous>
